00:00:00:000
3,2;1
4,0;1
2,2;1
1;0
2;0
3;1
4;00:00:00:000
5;00:00:00:000
6;00:00:00:000
1;0
2;0
3;1
4;00:00:00:000
5;00:03:00:000
6;00:10:00:000
1;0
2;1
3;1
4;00:01:00:000
5;00:03:00:000
6;00:10:00:000
1;0
2;1
3;1
4;00:01:00:000
5;00:03:00:000
6;00:10:00:000
00:01:00:000
4,0;1
2,2;1
1;0
2;2
3;1
4;00:01:00:000
5;00:03:00:000
6;00:10:00:000
1;0
2;2
3;1
4;00:01:00:000
5;00:03:00:000
6;00:10:00:000
00:02:00:000
4,0;1
2,2;0
3,2;0
1;0
2;3
3;1
4;00:02:00:000
5;00:03:00:000
6;00:10:00:000
1;0
2;3
3;0
4;00:02:00:000
5;00:03:00:000
6;00:10:00:000
1;0
2;3
3;0
4;00:02:00:000
5;00:03:00:000
6;00:10:00:000
00:03:00:000
5,0;1
2,2;1
3,2;1
1;0
2;2
3;0
4;00:02:00:000
5;00:03:00:000
6;00:10:00:000
1;0
2;2
3;1
4;00:02:00:000
5;00:03:00:000
6;00:10:00:000
1;0
2;2
3;1
4;00:02:00:000
5;00:03:00:000
6;00:10:00:000
00:04:00:000
4,0;1
2,2;0
3,2;0
1;0
2;3
3;1
4;00:01:00:000
5;00:03:00:000
6;00:10:00:000
1;0
2;3
3;0
4;00:01:00:000
5;00:03:00:000
6;00:10:00:000
1;0
2;3
3;0
4;00:01:00:000
5;00:03:00:000
6;00:10:00:000
00:05:00:000
4,0;1
2,2;0
1;0
2;4
3;0
4;inf
5;00:03:00:000
6;00:10:00:000
1;0
2;4
3;0
4;inf
5;00:03:00:000
6;00:10:00:000
00:06:00:000
5,0;1
2,2;0
1;0
2;3
3;0
4;inf
5;00:01:00:000
6;00:10:00:000
1;0
2;3
3;0
4;inf
5;00:01:00:000
6;00:10:00:000
00:07:00:000
5,0;1
2,2;1
3,2;1
1;0
2;2
3;0
4;inf
5;00:01:00:000
6;00:10:00:000
1;0
2;2
3;1
4;inf
5;00:01:00:000
6;00:10:00:000
1;0
2;2
3;1
4;inf
5;00:01:00:000
6;00:10:00:000
00:08:00:000
5,0;1
2,2;1
1;0
2;1
3;1
4;inf
5;00:01:00:000
6;00:10:00:000
1;0
2;1
3;1
4;inf
5;00:01:00:000
6;00:10:00:000
00:09:00:000
5,0;1
2,2;1
1;0
2;0
3;1
4;inf
5;00:01:00:000
6;00:10:00:000
1;0
2;0
3;1
4;inf
5;00:01:00:000
6;00:10:00:000
00:10:00:000
5,0;1
6,0;0
1,1;0
2,2;1
3,2;0
1;0
2;0
3;1
4;inf
5;inf
6;00:01:00:000
1;0
2;0
3;0
4;inf
5;inf
6;00:01:00:000
1;0
2;0
3;0
4;inf
5;inf
6;00:01:00:000
00:11:00:000
6,0;1
1,1;1
3,2;1
1;1
2;0
3;0
4;inf
5;inf
6;00:01:00:000
1;1
2;0
3;1
4;inf
5;inf
6;00:01:00:000
1;1
2;0
3;1
4;inf
5;inf
6;00:01:00:000
00:12:00:000
6,0;0
1,1;0
3,2;0
1;0
2;0
3;1
4;inf
5;inf
6;00:01:00:000
1;0
2;0
3;0
4;inf
5;inf
6;00:01:00:000
1;0
2;0
3;0
4;inf
5;inf
6;00:01:00:000
00:13:00:000
6,0;0
1,1;0
1;0
2;0
3;0
4;inf
5;inf
6;inf
1;0
2;0
3;0
4;inf
5;inf
6;inf
